# JRE version: OpenJDK Runtime Environment (21.0.10) (build 21.0.10+-14961533-b1163.108)
# Java VM: OpenJDK 64-Bit Server VM (21.0.10+-14961533-b1163.108, mixed mode, tiered, compressed oops, compressed class ptrs, g1 gc, windows-amd64)
GC Precious Log:
 CardTable entry size: 512
 Card Set container configuration: InlinePtr #cards 5 size 8 Array Of Cards #cards 12 size 40 Howl #buckets 4 coarsen threshold 1843 Howl Bitmap #cards 512 size 80 coarsen threshold 460 Card regions per heap region 1 cards per card region 2048
 CPUs: 8 total, 8 available
 Memory: 16026M
 Large Page Support: Disabled
 NUMA Support: Disabled
 Compressed Oops: Enabled (32-bit)
 Heap Region Size: 1M
 Heap Min Capacity: 8M
 Heap Initial Capacity: 252M
 Heap Max Capacity: 1048M
 Pre-touch: Disabled
 Parallel Workers: 8
 Concurrent Workers: 2
 Concurrent Refinement Workers: 8
 Periodic GC: Disabled
Heap:
 garbage-first heap   total 114688K, used 76705K [0x00000000be800000, 0x0000000100000000)
  region size 1024K, 6 young (6144K), 2 survivors (2048K)
 Metaspace       used 78118K, committed 79936K, reserved 1179648K
  class space    used 10846K, committed 11712K, reserved 1048576K
GC Heap History (20 events):
Event: 8.379 GC heap before
{Heap before GC invocations=12 (full 0):
 garbage-first heap   total 90112K, used 56996K [0x00000000be800000, 0x0000000100000000)
  region size 1024K, 18 young (18432K), 6 survivors (6144K)
 Metaspace       used 57089K, committed 58560K, reserved 1114112K
  class space    used 7991K, committed 8704K, reserved 1048576K
}
Event: 8.388 GC heap after
{Heap after GC invocations=13 (full 0):
 garbage-first heap   total 90112K, used 47241K [0x00000000be800000, 0x0000000100000000)
  region size 1024K, 2 young (2048K), 2 survivors (2048K)
 Metaspace       used 57089K, committed 58560K, reserved 1114112K
  class space    used 7991K, committed 8704K, reserved 1048576K
}
Event: 8.630 GC heap before
{Heap before GC invocations=14 (full 0):
 garbage-first heap   total 90112K, used 80009K [0x00000000be800000, 0x0000000100000000)
  region size 1024K, 33 young (33792K), 2 survivors (2048K)
 Metaspace       used 58285K, committed 59776K, reserved 1114112K
  class space    used 8074K, committed 8768K, reserved 1048576K
}
Event: 8.634 GC heap after
{Heap after GC invocations=15 (full 0):
 garbage-first heap   total 90112K, used 46686K [0x00000000be800000, 0x0000000100000000)
  region size 1024K, 2 young (2048K), 2 survivors (2048K)
 Metaspace       used 58285K, committed 59776K, reserved 1114112K
  class space    used 8074K, committed 8768K, reserved 1048576K
}
Event: 9.262 GC heap before
{Heap before GC invocations=15 (full 0):
 garbage-first heap   total 90112K, used 80478K [0x00000000be800000, 0x0000000100000000)
  region size 1024K, 35 young (35840K), 2 survivors (2048K)
 Metaspace       used 62889K, committed 64448K, reserved 1114112K
  class space    used 8736K, committed 9472K, reserved 1048576K
}
Event: 9.267 GC heap after
{Heap after GC invocations=16 (full 0):
 garbage-first heap   total 108544K, used 46972K [0x00000000be800000, 0x0000000100000000)
  region size 1024K, 3 young (3072K), 3 survivors (3072K)
 Metaspace       used 62889K, committed 64448K, reserved 1114112K
  class space    used 8736K, committed 9472K, reserved 1048576K
}
Event: 10.506 GC heap before
{Heap before GC invocations=16 (full 0):
 garbage-first heap   total 108544K, used 97148K [0x00000000be800000, 0x0000000100000000)
  region size 1024K, 52 young (53248K), 3 survivors (3072K)
 Metaspace       used 69595K, committed 71296K, reserved 1114112K
  class space    used 9836K, committed 10624K, reserved 1048576K
}
Event: 10.513 GC heap after
{Heap after GC invocations=17 (full 0):
 garbage-first heap   total 108544K, used 49473K [0x00000000be800000, 0x0000000100000000)
  region size 1024K, 6 young (6144K), 6 survivors (6144K)
 Metaspace       used 69595K, committed 71296K, reserved 1114112K
  class space    used 9836K, committed 10624K, reserved 1048576K
}
Event: 11.632 GC heap before
{Heap before GC invocations=17 (full 0):
 garbage-first heap   total 108544K, used 96577K [0x00000000be800000, 0x0000000100000000)
  region size 1024K, 53 young (54272K), 6 survivors (6144K)
 Metaspace       used 72379K, committed 74048K, reserved 1114112K
  class space    used 10203K, committed 11008K, reserved 1048576K
}
Event: 11.643 GC heap after
{Heap after GC invocations=18 (full 0):
 garbage-first heap   total 109568K, used 54550K [0x00000000be800000, 0x0000000100000000)
  region size 1024K, 7 young (7168K), 7 survivors (7168K)
 Metaspace       used 72379K, committed 74048K, reserved 1114112K
  class space    used 10203K, committed 11008K, reserved 1048576K
}
Event: 12.088 GC heap before
{Heap before GC invocations=18 (full 0):
 garbage-first heap   total 109568K, used 96534K [0x00000000be800000, 0x0000000100000000)
  region size 1024K, 49 young (50176K), 7 survivors (7168K)
 Metaspace       used 72661K, committed 74368K, reserved 1114112K
  class space    used 10203K, committed 11008K, reserved 1048576K
}
Event: 12.099 GC heap after
{Heap after GC invocations=19 (full 0):
 garbage-first heap   total 109568K, used 57573K [0x00000000be800000, 0x0000000100000000)
  region size 1024K, 4 young (4096K), 4 survivors (4096K)
 Metaspace       used 72661K, committed 74368K, reserved 1114112K
  class space    used 10203K, committed 11008K, reserved 1048576K
}
Event: 12.346 GC heap before
{Heap before GC invocations=19 (full 0):
 garbage-first heap   total 109568K, used 97509K [0x00000000be800000, 0x0000000100000000)
  region size 1024K, 44 young (45056K), 4 survivors (4096K)
 Metaspace       used 72721K, committed 74368K, reserved 1114112K
  class space    used 10203K, committed 11008K, reserved 1048576K
}
Event: 12.352 GC heap after
{Heap after GC invocations=20 (full 0):
 garbage-first heap   total 109568K, used 58906K [0x00000000be800000, 0x0000000100000000)
  region size 1024K, 4 young (4096K), 4 survivors (4096K)
 Metaspace       used 72721K, committed 74368K, reserved 1114112K
  class space    used 10203K, committed 11008K, reserved 1048576K
}
Event: 12.930 GC heap before
{Heap before GC invocations=21 (full 0):
 garbage-first heap   total 109568K, used 99866K [0x00000000be800000, 0x0000000100000000)
  region size 1024K, 42 young (43008K), 4 survivors (4096K)
 Metaspace       used 73189K, committed 74944K, reserved 1114112K
  class space    used 10275K, committed 11136K, reserved 1048576K
}
Event: 12.937 GC heap after
{Heap after GC invocations=22 (full 0):
 garbage-first heap   total 112640K, used 68775K [0x00000000be800000, 0x0000000100000000)
  region size 1024K, 6 young (6144K), 6 survivors (6144K)
 Metaspace       used 73189K, committed 74944K, reserved 1114112K
  class space    used 10275K, committed 11136K, reserved 1048576K
}
Event: 13.389 GC heap before
{Heap before GC invocations=22 (full 0):
 garbage-first heap   total 112640K, used 102567K [0x00000000be800000, 0x0000000100000000)
  region size 1024K, 36 young (36864K), 6 survivors (6144K)
 Metaspace       used 75161K, committed 76864K, reserved 1179648K
  class space    used 10509K, committed 11328K, reserved 1048576K
}
Event: 13.396 GC heap after
{Heap after GC invocations=23 (full 0):
 garbage-first heap   total 114688K, used 73442K [0x00000000be800000, 0x0000000100000000)
  region size 1024K, 3 young (3072K), 3 survivors (3072K)
 Metaspace       used 75161K, committed 76864K, reserved 1179648K
  class space    used 10509K, committed 11328K, reserved 1048576K
}
Event: 13.856 GC heap before
{Heap before GC invocations=23 (full 0):
 garbage-first heap   total 114688K, used 101090K [0x00000000be800000, 0x0000000100000000)
  region size 1024K, 31 young (31744K), 3 survivors (3072K)
 Metaspace       used 77706K, committed 79488K, reserved 1179648K
  class space    used 10810K, committed 11648K, reserved 1048576K
}
Event: 13.860 GC heap after
{Heap after GC invocations=24 (full 0):
 garbage-first heap   total 114688K, used 74657K [0x00000000be800000, 0x0000000100000000)
  region size 1024K, 2 young (2048K), 2 survivors (2048K)
 Metaspace       used 77706K, committed 79488K, reserved 1179648K
  class space    used 10810K, committed 11648K, reserved 1048576K
}

